Build started 11/14/2011 12:56:08 PM.
     1>Project "C:\Users\Ben\Autograder-0.1\HiddenCompilation\HiddenCompile\HiddenCompile\HiddenCompile.vcxproj" on node 2 (build target(s)).
     1>InitializeBuildStatus:
         Creating "Debug\HiddenCompile.unsuccessfulbuild" because "AlwaysCreate" was specified.
       ClCompile:
         C:\Program Files (x86)\Microsoft Visual Studio 10.0\VC\bin\CL.exe /c /ZI /nologo /W3 /WX- /Od /Oy- /D WIN32 /D _DEBUG /D _CONSOLE /D _UNICODE /D UNICODE /Gm /EHsc /RTC1 /MDd /GS /fp:precise /Zc:wchar_t /Zc:forScope /Fo"Debug\\" /Fd"Debug\vc100.pdb" /Gd /TP /analyze- /errorReport:prompt HCompile.cpp
         HCompile.cpp
       ManifestResourceCompile:
         All outputs are up-to-date.
       Link:
         C:\Program Files (x86)\Microsoft Visual Studio 10.0\VC\bin\link.exe /ERRORREPORT:PROMPT /OUT:"C:\Users\Ben\Autograder-0.1\HiddenCompilation\HiddenCompile\Debug\HiddenCompile.exe" /INCREMENTAL /NOLOGO kernel32.lib user32.lib gdi32.lib winspool.lib comdlg32.lib advapi32.lib shell32.lib ole32.lib oleaut32.lib uuid.lib odbc32.lib odbccp32.lib /MANIFEST /ManifestFile:"Debug\HiddenCompile.exe.intermediate.manifest" /MANIFESTUAC:"level='asInvoker' uiAccess='false'" /DEBUG /PDB:"C:\Users\Ben\Autograder-0.1\HiddenCompilation\HiddenCompile\Debug\HiddenCompile.pdb" /SUBSYSTEM:CONSOLE /TLBID:1 /DYNAMICBASE /NXCOMPAT /IMPLIB:"C:\Users\Ben\Autograder-0.1\HiddenCompilation\HiddenCompile\Debug\HiddenCompile.lib" /MACHINE:X86 Debug\HiddenCompile.exe.embed.manifest.res
         Debug\HCompile.obj
       Manifest:
         C:\Program Files (x86)\Microsoft SDKs\Windows\v7.0A\bin\mt.exe /nologo /verbose /out:"Debug\HiddenCompile.exe.embed.manifest" /manifest Debug\HiddenCompile.exe.intermediate.manifest
         All outputs are up-to-date.
       LinkEmbedManifest:
         All outputs are up-to-date.
         HiddenCompile.vcxproj -> C:\Users\Ben\Autograder-0.1\HiddenCompilation\HiddenCompile\Debug\HiddenCompile.exe
       FinalizeBuildStatus:
         Deleting file "Debug\HiddenCompile.unsuccessfulbuild".
         Touching "Debug\HiddenCompile.lastbuildstate".
     1>Done Building Project "C:\Users\Ben\Autograder-0.1\HiddenCompilation\HiddenCompile\HiddenCompile\HiddenCompile.vcxproj" (build target(s)).

Build succeeded.

Time Elapsed 00:00:01.41
