Build started 11/4/2011 11:35:32 PM.
     1>Project "C:\Users\Ben\Autograder-0.1\AutoGraderVS\AutoGraderVS\AutoGraderVS.vcxproj" on node 2 (build target(s)).
     1>InitializeBuildStatus:
         Touching "Debug\AutoGraderVS.unsuccessfulbuild".
       ClCompile:
         C:\Program Files (x86)\Microsoft Visual Studio 10.0\VC\bin\CL.exe /c /ZI /nologo /W3 /WX- /Od /Oy- /D WIN32 /D _DEBUG /D _CONSOLE /D _UNICODE /D UNICODE /Gm /EHsc /RTC1 /MDd /GS /fp:precise /Zc:wchar_t /Zc:forScope /Fo"Debug\\" /Fd"Debug\vc100.pdb" /Gd /TP /analyze- /errorReport:prompt main.cpp
         main.cpp
     1>c:\users\ben\autograder-0.1\autogradervs\autogradervs\main.cpp(27): warning C4018: '<' : signed/unsigned mismatch
     1>c:\users\ben\autograder-0.1\autogradervs\autogradervs\main.cpp(41): warning C4018: '<' : signed/unsigned mismatch
     1>c:\users\ben\autograder-0.1\autogradervs\autogradervs\main.cpp(47): warning C4018: '<' : signed/unsigned mismatch
       ManifestResourceCompile:
         All outputs are up-to-date.
       Link:
         C:\Program Files (x86)\Microsoft Visual Studio 10.0\VC\bin\link.exe /ERRORREPORT:PROMPT /OUT:"C:\Users\Ben\Autograder-0.1\AutoGraderVS\Debug\AutoGraderVS.exe" /INCREMENTAL /NOLOGO kernel32.lib user32.lib gdi32.lib winspool.lib comdlg32.lib advapi32.lib shell32.lib ole32.lib oleaut32.lib uuid.lib odbc32.lib odbccp32.lib /MANIFEST /ManifestFile:"Debug\AutoGraderVS.exe.intermediate.manifest" /MANIFESTUAC:"level='asInvoker' uiAccess='false'" /DEBUG /PDB:"C:\Users\Ben\Autograder-0.1\AutoGraderVS\Debug\AutoGraderVS.pdb" /SUBSYSTEM:CONSOLE /TLBID:1 /DYNAMICBASE /NXCOMPAT /IMPLIB:"C:\Users\Ben\Autograder-0.1\AutoGraderVS\Debug\AutoGraderVS.lib" /MACHINE:X86 Debug\AutoGraderVS.exe.embed.manifest.res
         Debug\main.obj
         Debug\QuizClasses.obj
       Manifest:
         C:\Program Files (x86)\Microsoft SDKs\Windows\v7.0A\bin\mt.exe /nologo /verbose /out:"Debug\AutoGraderVS.exe.embed.manifest" /manifest Debug\AutoGraderVS.exe.intermediate.manifest
         All outputs are up-to-date.
       LinkEmbedManifest:
         All outputs are up-to-date.
         AutoGraderVS.vcxproj -> C:\Users\Ben\Autograder-0.1\AutoGraderVS\Debug\AutoGraderVS.exe
       FinalizeBuildStatus:
         Deleting file "Debug\AutoGraderVS.unsuccessfulbuild".
         Touching "Debug\AutoGraderVS.lastbuildstate".
     1>Done Building Project "C:\Users\Ben\Autograder-0.1\AutoGraderVS\AutoGraderVS\AutoGraderVS.vcxproj" (build target(s)).

Build succeeded.

Time Elapsed 00:00:01.77
