Build started 11/16/2011 8:25:04 PM.
     1>Project "C:\Users\Ben\Autograder-0.1\AutoGraderVS\AutoGraderVS\AutoGraderVS.vcxproj" on node 2 (build target(s)).
     1>PrepareForBuild:
         Creating directory "C:\Users\Ben\Autograder-0.1\AutoGraderVS\Release\".
       InitializeBuildStatus:
         Creating "Release\AutoGraderVS.unsuccessfulbuild" because "AlwaysCreate" was specified.
       ClCompile:
         C:\Program Files (x86)\Microsoft Visual Studio 10.0\VC\bin\CL.exe /c /Zi /nologo /W3 /WX- /O2 /Oi /Oy- /GL /D WIN32 /D NDEBUG /D _CONSOLE /D _UNICODE /D UNICODE /Gm- /EHsc /MD /GS /Gy /fp:precise /Zc:wchar_t /Zc:forScope /Fo"Release\\" /Fd"Release\vc100.pdb" /Gd /TP /analyze- /errorReport:prompt main.cpp QuizClasses.cpp
         main.cpp
     1>main.cpp(27): warning C4018: '<' : signed/unsigned mismatch
     1>main.cpp(41): warning C4018: '<' : signed/unsigned mismatch
     1>main.cpp(47): warning C4018: '<' : signed/unsigned mismatch
         QuizClasses.cpp
       Link:
         C:\Program Files (x86)\Microsoft Visual Studio 10.0\VC\bin\link.exe /ERRORREPORT:PROMPT /OUT:"C:\Users\Ben\Autograder-0.1\AutoGraderVS\Release\AutoGraderVS.exe" /INCREMENTAL:NO /NOLOGO kernel32.lib user32.lib gdi32.lib winspool.lib comdlg32.lib advapi32.lib shell32.lib ole32.lib oleaut32.lib uuid.lib odbc32.lib odbccp32.lib /MANIFEST /ManifestFile:"Release\AutoGraderVS.exe.intermediate.manifest" /MANIFESTUAC:"level='asInvoker' uiAccess='false'" /DEBUG /PDB:"C:\Users\Ben\Autograder-0.1\AutoGraderVS\Release\AutoGraderVS.pdb" /SUBSYSTEM:CONSOLE /OPT:REF /OPT:ICF /LTCG /TLBID:1 /DYNAMICBASE /NXCOMPAT /IMPLIB:"C:\Users\Ben\Autograder-0.1\AutoGraderVS\Release\AutoGraderVS.lib" /MACHINE:X86 Release\main.obj
         Release\QuizClasses.obj
         Generating code
         Finished generating code
         AutoGraderVS.vcxproj -> C:\Users\Ben\Autograder-0.1\AutoGraderVS\Release\AutoGraderVS.exe
       Manifest:
         C:\Program Files (x86)\Microsoft SDKs\Windows\v7.0A\bin\mt.exe /nologo /verbose /outputresource:"C:\Users\Ben\Autograder-0.1\AutoGraderVS\Release\AutoGraderVS.exe;#1" /manifest Release\AutoGraderVS.exe.intermediate.manifest
       FinalizeBuildStatus:
         Deleting file "Release\AutoGraderVS.unsuccessfulbuild".
         Touching "Release\AutoGraderVS.lastbuildstate".
     1>Done Building Project "C:\Users\Ben\Autograder-0.1\AutoGraderVS\AutoGraderVS\AutoGraderVS.vcxproj" (build target(s)).

Build succeeded.

Time Elapsed 00:00:03.20
