Build started 10/21/2011 1:42:20 PM.
     1>Project "C:\Users\Ben\Documents\Visual Studio 2010\Projects\Junior\GradingIO\GradingIO\GradingIO.vcxproj" on node 2 (build target(s)).
     1>PrepareForBuild:
         Creating directory "C:\Users\Ben\Documents\Visual Studio 2010\Projects\Junior\GradingIO\Release\".
       InitializeBuildStatus:
         Creating "Release\GradingIO.unsuccessfulbuild" because "AlwaysCreate" was specified.
       ClCompile:
         All outputs are up-to-date.
       Link:
         c:\Program Files (x86)\Microsoft Visual Studio 10.0\VC\bin\link.exe /ERRORREPORT:PROMPT /OUT:"C:\Users\Ben\Documents\Visual Studio 2010\Projects\Junior\GradingIO\Release\GradingIO.exe" /INCREMENTAL:NO /NOLOGO kernel32.lib user32.lib gdi32.lib winspool.lib comdlg32.lib advapi32.lib shell32.lib ole32.lib oleaut32.lib uuid.lib odbc32.lib odbccp32.lib /MANIFEST /ManifestFile:"Release\GradingIO.exe.intermediate.manifest" /MANIFESTUAC:"level='asInvoker' uiAccess='false'" /DEBUG /PDB:"C:\Users\Ben\Documents\Visual Studio 2010\Projects\Junior\GradingIO\Release\GradingIO.pdb" /SUBSYSTEM:CONSOLE /OPT:REF /OPT:ICF /LTCG /TLBID:1 /DYNAMICBASE /NXCOMPAT /IMPLIB:"C:\Users\Ben\Documents\Visual Studio 2010\Projects\Junior\GradingIO\Release\GradingIO.lib" /MACHINE:X86 Release\main.obj
         Release\StudentClass.obj
         Generating code
         Finished generating code
         GradingIO.vcxproj -> C:\Users\Ben\Documents\Visual Studio 2010\Projects\Junior\GradingIO\Release\GradingIO.exe
       Manifest:
         C:\Program Files (x86)\Microsoft SDKs\Windows\v7.0A\bin\mt.exe /nologo /verbose /outputresource:"C:\Users\Ben\Documents\Visual Studio 2010\Projects\Junior\GradingIO\Release\GradingIO.exe;#1" /manifest Release\GradingIO.exe.intermediate.manifest
       FinalizeBuildStatus:
         Deleting file "Release\GradingIO.unsuccessfulbuild".
         Touching "Release\GradingIO.lastbuildstate".
     1>Done Building Project "C:\Users\Ben\Documents\Visual Studio 2010\Projects\Junior\GradingIO\GradingIO\GradingIO.vcxproj" (build target(s)).

Build succeeded.

Time Elapsed 00:00:00.98
