Build started 12/2/2011 1:15:40 PM.
     1>Project "C:\Users\Ben\Autograder-0.1\HiddenCompilation\HiddenCompile\HiddenCompile\HiddenCompile.vcxproj" on node 2 (build target(s)).
     1>InitializeBuildStatus:
         Creating "Release\HiddenCompile.unsuccessfulbuild" because "AlwaysCreate" was specified.
       ClCompile:
         C:\Program Files (x86)\Microsoft Visual Studio 10.0\VC\bin\CL.exe /c /Zi /nologo /W3 /WX- /O2 /Oi /Oy- /GL /D WIN32 /D NDEBUG /D _CONSOLE /D _UNICODE /D UNICODE /Gm- /EHsc /MD /GS /Gy /fp:precise /Zc:wchar_t /Zc:forScope /Fo"Release\\" /Fd"Release\vc100.pdb" /Gd /TP /analyze- /errorReport:prompt HCompile.cpp
         HCompile.cpp
       Link:
         C:\Program Files (x86)\Microsoft Visual Studio 10.0\VC\bin\link.exe /ERRORREPORT:PROMPT /OUT:"C:\Users\Ben\Autograder-0.1\HiddenCompilation\HiddenCompile\Release\HiddenCompile.exe" /INCREMENTAL:NO /NOLOGO kernel32.lib user32.lib gdi32.lib winspool.lib comdlg32.lib advapi32.lib shell32.lib ole32.lib oleaut32.lib uuid.lib odbc32.lib odbccp32.lib /MANIFEST /ManifestFile:"Release\HiddenCompile.exe.intermediate.manifest" /MANIFESTUAC:"level='asInvoker' uiAccess='false'" /DEBUG /PDB:"C:\Users\Ben\Autograder-0.1\HiddenCompilation\HiddenCompile\Release\HiddenCompile.pdb" /SUBSYSTEM:CONSOLE /OPT:REF /OPT:ICF /LTCG /TLBID:1 /DYNAMICBASE /NXCOMPAT /IMPLIB:"C:\Users\Ben\Autograder-0.1\HiddenCompilation\HiddenCompile\Release\HiddenCompile.lib" /MACHINE:X86 Release\HCompile.obj
         Generating code
         Finished generating code
         HiddenCompile.vcxproj -> C:\Users\Ben\Autograder-0.1\HiddenCompilation\HiddenCompile\Release\HiddenCompile.exe
       Manifest:
         C:\Program Files (x86)\Microsoft SDKs\Windows\v7.0A\bin\mt.exe /nologo /verbose /outputresource:"C:\Users\Ben\Autograder-0.1\HiddenCompilation\HiddenCompile\Release\HiddenCompile.exe;#1" /manifest Release\HiddenCompile.exe.intermediate.manifest
       FinalizeBuildStatus:
         Deleting file "Release\HiddenCompile.unsuccessfulbuild".
         Touching "Release\HiddenCompile.lastbuildstate".
     1>Done Building Project "C:\Users\Ben\Autograder-0.1\HiddenCompilation\HiddenCompile\HiddenCompile\HiddenCompile.vcxproj" (build target(s)).

Build succeeded.

Time Elapsed 00:00:00.88
